2022-06-24 11:12:17.352 [main] INFO  com.moon.LogBackApplication - Starting LogBackApplication using Java 1.8.0_40 on DESKTOP-GTG3GL1 with PID 76328 (D:\ideaProjects\study_test\logback_demo\target\classes started by 道隐凤凰鸣 in D:\ideaProjects\study_test)
2022-06-24 11:12:17.355 [main] INFO  com.moon.LogBackApplication - No active profile set, falling back to 1 default profile: "default"
2022-06-24 11:12:17.831 [main] INFO  o.s.boot.web.embedded.tomcat.TomcatWebServer - Tomcat initialized with port(s): 8080 (http)
2022-06-24 11:12:17.836 [main] INFO  org.apache.coyote.http11.Http11NioProtocol - Initializing ProtocolHandler ["http-nio-8080"]
2022-06-24 11:12:17.837 [main] INFO  org.apache.catalina.core.StandardService - Starting service [Tomcat]
2022-06-24 11:12:17.838 [main] INFO  org.apache.catalina.core.StandardEngine - Starting Servlet engine: [Apache Tomcat/9.0.63]
2022-06-24 11:12:17.938 [main] INFO  o.a.c.core.ContainerBase.[Tomcat].[localhost].[/] - Initializing Spring embedded WebApplicationContext
2022-06-24 11:12:17.939 [main] INFO  o.s.b.w.s.c.ServletWebServerApplicationContext - Root WebApplicationContext: initialization completed in 555 ms
2022-06-24 11:12:18.131 [main] INFO  org.apache.coyote.http11.Http11NioProtocol - Starting ProtocolHandler ["http-nio-8080"]
2022-06-24 11:12:18.149 [main] INFO  o.s.boot.web.embedded.tomcat.TomcatWebServer - Tomcat started on port(s): 8080 (http) with context path ''
2022-06-24 11:12:18.155 [main] INFO  com.moon.LogBackApplication - Started LogBackApplication in 1.032 seconds (JVM running for 1.957)
2022-06-24 11:13:25.623 [main] INFO  com.moon.LogBackApplication - Starting LogBackApplication using Java 1.8.0_40 on DESKTOP-GTG3GL1 with PID 73876 (D:\ideaProjects\study_test\logback_demo\target\classes started by 道隐凤凰鸣 in D:\ideaProjects\study_test)
2022-06-24 11:13:25.627 [main] INFO  com.moon.LogBackApplication - No active profile set, falling back to 1 default profile: "default"
2022-06-24 11:13:26.287 [main] INFO  o.s.boot.web.embedded.tomcat.TomcatWebServer - Tomcat initialized with port(s): 8080 (http)
2022-06-24 11:13:26.293 [main] INFO  org.apache.coyote.http11.Http11NioProtocol - Initializing ProtocolHandler ["http-nio-8080"]
2022-06-24 11:13:26.293 [main] INFO  org.apache.catalina.core.StandardService - Starting service [Tomcat]
2022-06-24 11:13:26.294 [main] INFO  org.apache.catalina.core.StandardEngine - Starting Servlet engine: [Apache Tomcat/9.0.63]
2022-06-24 11:13:26.406 [main] INFO  o.a.c.core.ContainerBase.[Tomcat].[localhost].[/] - Initializing Spring embedded WebApplicationContext
2022-06-24 11:13:26.406 [main] INFO  o.s.b.w.s.c.ServletWebServerApplicationContext - Root WebApplicationContext: initialization completed in 746 ms
2022-06-24 11:13:26.633 [main] INFO  org.apache.coyote.http11.Http11NioProtocol - Starting ProtocolHandler ["http-nio-8080"]
2022-06-24 11:13:26.662 [main] INFO  o.s.boot.web.embedded.tomcat.TomcatWebServer - Tomcat started on port(s): 8080 (http) with context path ''
2022-06-24 11:13:26.668 [main] INFO  com.moon.LogBackApplication - Started LogBackApplication in 1.305 seconds (JVM running for 2.63)
